This is pdfTeX, Version 3.1415926-2.5-1.40.14 (TeX Live 2013) (format=pdflatex 2013.5.30)  21 MAR 2017 11:31
entering extended mode
 \write18 enabled.
 file:line:error style messages enabled.
 %&-line parsing enabled.
**TIWE_patch_gamma_notes.tex
(./TIWE_patch_gamma_notes.tex
LaTeX2e <2011/06/27>
Babel <3.9f> and hyphenation patterns for 78 languages loaded.
(/usr/local/texlive/2013/texmf-dist/tex/latex/base/article.cls
Document Class: article 2007/10/19 v1.4h Standard LaTeX document class
(/usr/local/texlive/2013/texmf-dist/tex/latex/base/size11.clo
File: size11.clo 2007/10/19 v1.4h Standard LaTeX file (size option)
)
\c@part=\count79
\c@section=\count80
\c@subsection=\count81
\c@subsubsection=\count82
\c@paragraph=\count83
\c@subparagraph=\count84
\c@figure=\count85
\c@table=\count86
\abovecaptionskip=\skip41
\belowcaptionskip=\skip42
\bibindent=\dimen102
)
(/usr/local/texlive/2013/texmf-dist/tex/latex/geometry/geometry.sty
Package: geometry 2010/09/12 v5.6 Page Geometry

(/usr/local/texlive/2013/texmf-dist/tex/latex/graphics/keyval.sty
Package: keyval 1999/03/16 v1.13 key=value parser (DPC)
\KV@toks@=\toks14
)
(/usr/local/texlive/2013/texmf-dist/tex/generic/oberdiek/ifpdf.sty
Package: ifpdf 2011/01/30 v2.3 Provides the ifpdf switch (HO)
Package ifpdf Info: pdfTeX in PDF mode is detected.
)
(/usr/local/texlive/2013/texmf-dist/tex/generic/oberdiek/ifvtex.sty
Package: ifvtex 2010/03/01 v1.5 Detect VTeX and its facilities (HO)
Package ifvtex Info: VTeX not detected.
)
(/usr/local/texlive/2013/texmf-dist/tex/generic/ifxetex/ifxetex.sty
Package: ifxetex 2010/09/12 v0.6 Provides ifxetex conditional
)
\Gm@cnth=\count87
\Gm@cntv=\count88
\c@Gm@tempcnt=\count89
\Gm@bindingoffset=\dimen103
\Gm@wd@mp=\dimen104
\Gm@odd@mp=\dimen105
\Gm@even@mp=\dimen106
\Gm@layoutwidth=\dimen107
\Gm@layoutheight=\dimen108
\Gm@layouthoffset=\dimen109
\Gm@layoutvoffset=\dimen110
\Gm@dimlist=\toks15
)
(/usr/local/texlive/2013/texmf-dist/tex/latex/graphics/graphicx.sty
Package: graphicx 1999/02/16 v1.0f Enhanced LaTeX Graphics (DPC,SPQR)

(/usr/local/texlive/2013/texmf-dist/tex/latex/graphics/graphics.sty
Package: graphics 2009/02/05 v1.0o Standard LaTeX Graphics (DPC,SPQR)

(/usr/local/texlive/2013/texmf-dist/tex/latex/graphics/trig.sty
Package: trig 1999/03/16 v1.09 sin cos tan (DPC)
)
(/usr/local/texlive/2013/texmf-dist/tex/latex/latexconfig/graphics.cfg
File: graphics.cfg 2010/04/23 v1.9 graphics configuration of TeX Live
)
Package graphics Info: Driver file: pdftex.def on input line 91.

(/usr/local/texlive/2013/texmf-dist/tex/latex/pdftex-def/pdftex.def
File: pdftex.def 2011/05/27 v0.06d Graphics/color for pdfTeX

(/usr/local/texlive/2013/texmf-dist/tex/generic/oberdiek/infwarerr.sty
Package: infwarerr 2010/04/08 v1.3 Providing info/warning/error messages (HO)
)
(/usr/local/texlive/2013/texmf-dist/tex/generic/oberdiek/ltxcmds.sty
Package: ltxcmds 2011/11/09 v1.22 LaTeX kernel commands for general use (HO)
)
\Gread@gobject=\count90
))
\Gin@req@height=\dimen111
\Gin@req@width=\dimen112
)
(/usr/local/texlive/2013/texmf-dist/tex/latex/amsfonts/amssymb.sty
Package: amssymb 2013/01/14 v3.01 AMS font symbols

(/usr/local/texlive/2013/texmf-dist/tex/latex/amsfonts/amsfonts.sty
Package: amsfonts 2013/01/14 v3.01 Basic AMSFonts support
\@emptytoks=\toks16
\symAMSa=\mathgroup4
\symAMSb=\mathgroup5
LaTeX Font Info:    Overwriting math alphabet `\mathfrak' in version `bold'
(Font)                  U/euf/m/n --> U/euf/b/n on input line 106.
))
(/usr/local/texlive/2013/texmf-dist/tex/latex/amsmath/amsmath.sty
Package: amsmath 2013/01/14 v2.14 AMS math features
\@mathmargin=\skip43

For additional information on amsmath, use the `?' option.
(/usr/local/texlive/2013/texmf-dist/tex/latex/amsmath/amstext.sty
Package: amstext 2000/06/29 v2.01

(/usr/local/texlive/2013/texmf-dist/tex/latex/amsmath/amsgen.sty
File: amsgen.sty 1999/11/30 v2.0
\@emptytoks=\toks17
\ex@=\dimen113
))
(/usr/local/texlive/2013/texmf-dist/tex/latex/amsmath/amsbsy.sty
Package: amsbsy 1999/11/29 v1.2d
\pmbraise@=\dimen114
)
(/usr/local/texlive/2013/texmf-dist/tex/latex/amsmath/amsopn.sty
Package: amsopn 1999/12/14 v2.01 operator names
)
\inf@bad=\count91
LaTeX Info: Redefining \frac on input line 210.
\uproot@=\count92
\leftroot@=\count93
LaTeX Info: Redefining \overline on input line 306.
\classnum@=\count94
\DOTSCASE@=\count95
LaTeX Info: Redefining \ldots on input line 378.
LaTeX Info: Redefining \dots on input line 381.
LaTeX Info: Redefining \cdots on input line 466.
\Mathstrutbox@=\box26
\strutbox@=\box27
\big@size=\dimen115
LaTeX Font Info:    Redeclaring font encoding OML on input line 566.
LaTeX Font Info:    Redeclaring font encoding OMS on input line 567.
\macc@depth=\count96
\c@MaxMatrixCols=\count97
\dotsspace@=\muskip10
\c@parentequation=\count98
\dspbrk@lvl=\count99
\tag@help=\toks18
\row@=\count100
\column@=\count101
\maxfields@=\count102
\andhelp@=\toks19
\eqnshift@=\dimen116
\alignsep@=\dimen117
\tagshift@=\dimen118
\tagwidth@=\dimen119
\totwidth@=\dimen120
\lineht@=\dimen121
\@envbody=\toks20
\multlinegap=\skip44
\multlinetaggap=\skip45
\mathdisplay@stack=\toks21
LaTeX Info: Redefining \[ on input line 2665.
LaTeX Info: Redefining \] on input line 2666.
)
(/usr/local/texlive/2013/texmf-dist/tex/latex/oberdiek/epstopdf.sty
Package: epstopdf 2010/02/09 v2.5 Conversion with epstopdf on the fly (HO)

(/usr/local/texlive/2013/texmf-dist/tex/latex/oberdiek/epstopdf-base.sty
Package: epstopdf-base 2010/02/09 v2.5 Base part for package epstopdf

(/usr/local/texlive/2013/texmf-dist/tex/latex/oberdiek/grfext.sty
Package: grfext 2010/08/19 v1.1 Manage graphics extensions (HO)

(/usr/local/texlive/2013/texmf-dist/tex/generic/oberdiek/kvdefinekeys.sty
Package: kvdefinekeys 2011/04/07 v1.3 Define keys (HO)
))
(/usr/local/texlive/2013/texmf-dist/tex/latex/oberdiek/kvoptions.sty
Package: kvoptions 2011/06/30 v3.11 Key value format for package options (HO)

(/usr/local/texlive/2013/texmf-dist/tex/generic/oberdiek/kvsetkeys.sty
Package: kvsetkeys 2012/04/25 v1.16 Key value parser (HO)

(/usr/local/texlive/2013/texmf-dist/tex/generic/oberdiek/etexcmds.sty
Package: etexcmds 2011/02/16 v1.5 Avoid name clashes with e-TeX commands (HO)

(/usr/local/texlive/2013/texmf-dist/tex/generic/oberdiek/ifluatex.sty
Package: ifluatex 2010/03/01 v1.3 Provides the ifluatex switch (HO)
Package ifluatex Info: LuaTeX not detected.
)
Package etexcmds Info: Could not find \expanded.
(etexcmds)             That can mean that you are not using pdfTeX 1.50 or
(etexcmds)             that some package has redefined \expanded.
(etexcmds)             In the latter case, load this package earlier.
)))
(/usr/local/texlive/2013/texmf-dist/tex/generic/oberdiek/pdftexcmds.sty
Package: pdftexcmds 2011/11/29 v0.20 Utility functions of pdfTeX for LuaTeX (HO
)
Package pdftexcmds Info: LuaTeX not detected.
Package pdftexcmds Info: \pdf@primitive is available.
Package pdftexcmds Info: \pdf@ifprimitive is available.
Package pdftexcmds Info: \pdfdraftmode found.
)
Package grfext Info: Graphics extension search list:
(grfext)             [.png,.pdf,.jpg,.mps,.jpeg,.jbig2,.jb2,.PNG,.PDF,.JPG,.JPE
G,.JBIG2,.JB2,.eps]
(grfext)             \AppendGraphicsExtensions on input line 452.

(/usr/local/texlive/2013/texmf-dist/tex/latex/latexconfig/epstopdf-sys.cfg
File: epstopdf-sys.cfg 2010/07/13 v1.3 Configuration of (r)epstopdf for TeX Liv
e
)))
(/usr/local/texlive/2013/texmf-dist/tex/latex/hyperref/hyperref.sty
Package: hyperref 2012/11/06 v6.83m Hypertext links for LaTeX

(/usr/local/texlive/2013/texmf-dist/tex/generic/oberdiek/hobsub-hyperref.sty
Package: hobsub-hyperref 2012/05/28 v1.13 Bundle oberdiek, subset hyperref (HO)


(/usr/local/texlive/2013/texmf-dist/tex/generic/oberdiek/hobsub-generic.sty
Package: hobsub-generic 2012/05/28 v1.13 Bundle oberdiek, subset generic (HO)
Package: hobsub 2012/05/28 v1.13 Construct package bundles (HO)
Package hobsub Info: Skipping package `infwarerr' (already loaded).
Package hobsub Info: Skipping package `ltxcmds' (already loaded).
Package hobsub Info: Skipping package `ifluatex' (already loaded).
Package hobsub Info: Skipping package `ifvtex' (already loaded).
Package: intcalc 2007/09/27 v1.1 Expandable calculations with integers (HO)
Package hobsub Info: Skipping package `ifpdf' (already loaded).
Package hobsub Info: Skipping package `etexcmds' (already loaded).
Package hobsub Info: Skipping package `kvsetkeys' (already loaded).
Package hobsub Info: Skipping package `kvdefinekeys' (already loaded).
Package hobsub Info: Skipping package `pdftexcmds' (already loaded).
Package: pdfescape 2011/11/25 v1.13 Implements pdfTeX's escape features (HO)
Package: bigintcalc 2012/04/08 v1.3 Expandable calculations on big integers (HO
)
Package: bitset 2011/01/30 v1.1 Handle bit-vector datatype (HO)
Package: uniquecounter 2011/01/30 v1.2 Provide unlimited unique counter (HO)
)
Package hobsub Info: Skipping package `hobsub' (already loaded).
Package: letltxmacro 2010/09/02 v1.4 Let assignment for LaTeX macros (HO)
Package: hopatch 2012/05/28 v1.2 Wrapper for package hooks (HO)
Package: xcolor-patch 2011/01/30 xcolor patch
Package: atveryend 2011/06/30 v1.8 Hooks at the very end of document (HO)
Package atveryend Info: \enddocument detected (standard20110627).
Package: atbegshi 2011/10/05 v1.16 At begin shipout hook (HO)
Package: refcount 2011/10/16 v3.4 Data extraction from label references (HO)
Package: hycolor 2011/01/30 v1.7 Color options for hyperref/bookmark (HO)
)
(/usr/local/texlive/2013/texmf-dist/tex/latex/oberdiek/auxhook.sty
Package: auxhook 2011/03/04 v1.3 Hooks for auxiliary files (HO)
)
\@linkdim=\dimen122
\Hy@linkcounter=\count103
\Hy@pagecounter=\count104

(/usr/local/texlive/2013/texmf-dist/tex/latex/hyperref/pd1enc.def
File: pd1enc.def 2012/11/06 v6.83m Hyperref: PDFDocEncoding definition (HO)
)
\Hy@SavedSpaceFactor=\count105

(/usr/local/texlive/2013/texmf-dist/tex/latex/latexconfig/hyperref.cfg
File: hyperref.cfg 2002/06/06 v1.2 hyperref configuration of TeXLive
)
Package hyperref Info: Hyper figures OFF on input line 4443.
Package hyperref Info: Link nesting OFF on input line 4448.
Package hyperref Info: Hyper index ON on input line 4451.
Package hyperref Info: Plain pages OFF on input line 4458.
Package hyperref Info: Backreferencing OFF on input line 4463.
Package hyperref Info: Implicit mode ON; LaTeX internals redefined.
Package hyperref Info: Bookmarks ON on input line 4688.
\c@Hy@tempcnt=\count106

(/usr/local/texlive/2013/texmf-dist/tex/latex/url/url.sty
\Urlmuskip=\muskip11
Package: url 2006/04/12  ver 3.3  Verb mode for urls, etc.
)
LaTeX Info: Redefining \url on input line 5041.
\XeTeXLinkMargin=\dimen123
\Fld@menulength=\count107
\Field@Width=\dimen124
\Fld@charsize=\dimen125
Package hyperref Info: Hyper figures OFF on input line 6295.
Package hyperref Info: Link nesting OFF on input line 6300.
Package hyperref Info: Hyper index ON on input line 6303.
Package hyperref Info: backreferencing OFF on input line 6310.
Package hyperref Info: Link coloring OFF on input line 6315.
Package hyperref Info: Link coloring with OCG OFF on input line 6320.
Package hyperref Info: PDF/A mode OFF on input line 6325.
LaTeX Info: Redefining \ref on input line 6365.
LaTeX Info: Redefining \pageref on input line 6369.
\Hy@abspage=\count108
\c@Item=\count109
\c@Hfootnote=\count110
)

Package hyperref Message: Driver (autodetected): hpdftex.

(/usr/local/texlive/2013/texmf-dist/tex/latex/hyperref/hpdftex.def
File: hpdftex.def 2012/11/06 v6.83m Hyperref driver for pdfTeX
\Fld@listcount=\count111
\c@bookmark@seq@number=\count112

(/usr/local/texlive/2013/texmf-dist/tex/latex/oberdiek/rerunfilecheck.sty
Package: rerunfilecheck 2011/04/15 v1.7 Rerun checks for auxiliary files (HO)
Package uniquecounter Info: New unique counter `rerunfilecheck' on input line 2
82.
)
\Hy@SectionHShift=\skip46
)
(./TIWE_patch_gamma_notes.aux)
\openout1 = `TIWE_patch_gamma_notes.aux'.

LaTeX Font Info:    Checking defaults for OML/cmm/m/it on input line 25.
LaTeX Font Info:    ... okay on input line 25.
LaTeX Font Info:    Checking defaults for T1/cmr/m/n on input line 25.
LaTeX Font Info:    ... okay on input line 25.
LaTeX Font Info:    Checking defaults for OT1/cmr/m/n on input line 25.
LaTeX Font Info:    ... okay on input line 25.
LaTeX Font Info:    Checking defaults for OMS/cmsy/m/n on input line 25.
LaTeX Font Info:    ... okay on input line 25.
LaTeX Font Info:    Checking defaults for OMX/cmex/m/n on input line 25.
LaTeX Font Info:    ... okay on input line 25.
LaTeX Font Info:    Checking defaults for U/cmr/m/n on input line 25.
LaTeX Font Info:    ... okay on input line 25.
LaTeX Font Info:    Checking defaults for PD1/pdf/m/n on input line 25.
LaTeX Font Info:    ... okay on input line 25.

*geometry* driver: auto-detecting
*geometry* detected driver: pdftex
*geometry* verbose mode - [ preamble ] result:
* driver: pdftex
* paper: letterpaper
* layout: <same size as paper>
* layoutoffset:(h,v)=(0.0pt,0.0pt)
* modes: 
* h-part:(L,W,R)=(92.14519pt, 430.00462pt, 92.14519pt)
* v-part:(T,H,B)=(95.39737pt, 556.47656pt, 143.09605pt)
* \paperwidth=614.295pt
* \paperheight=794.96999pt
* \textwidth=430.00462pt
* \textheight=556.47656pt
* \oddsidemargin=19.8752pt
* \evensidemargin=19.8752pt
* \topmargin=-13.87262pt
* \headheight=12.0pt
* \headsep=25.0pt
* \topskip=11.0pt
* \footskip=30.0pt
* \marginparwidth=59.0pt
* \marginparsep=10.0pt
* \columnsep=10.0pt
* \skip\footins=10.0pt plus 4.0pt minus 2.0pt
* \hoffset=0.0pt
* \voffset=0.0pt
* \mag=1000
* \@twocolumnfalse
* \@twosidefalse
* \@mparswitchfalse
* \@reversemarginfalse
* (1in=72.27pt=25.4mm, 1cm=28.453pt)

(/usr/local/texlive/2013/texmf-dist/tex/context/base/supp-pdf.mkii
[Loading MPS to PDF converter (version 2006.09.02).]
\scratchcounter=\count113
\scratchdimen=\dimen126
\scratchbox=\box28
\nofMPsegments=\count114
\nofMParguments=\count115
\everyMPshowfont=\toks22
\MPscratchCnt=\count116
\MPscratchDim=\dimen127
\MPnumerator=\count117
\makeMPintoPDFobject=\count118
\everyMPtoPDFconversion=\toks23
)
\AtBeginShipoutBox=\box29
Package hyperref Info: Link coloring OFF on input line 25.
 (/usr/local/texlive/2013/texmf-dist/tex/latex/hyperref/nameref.sty
Package: nameref 2012/10/27 v2.43 Cross-referencing by name of section

(/usr/local/texlive/2013/texmf-dist/tex/generic/oberdiek/gettitlestring.sty
Package: gettitlestring 2010/12/03 v1.4 Cleanup title references (HO)
)
\c@section@level=\count119
)
LaTeX Info: Redefining \ref on input line 25.
LaTeX Info: Redefining \pageref on input line 25.
LaTeX Info: Redefining \nameref on input line 25.

(./TIWE_patch_gamma_notes.out) (./TIWE_patch_gamma_notes.out)
\@outlinefile=\write3
\openout3 = `TIWE_patch_gamma_notes.out'.

LaTeX Font Info:    Try loading font information for U+msa on input line 27.

(/usr/local/texlive/2013/texmf-dist/tex/latex/amsfonts/umsa.fd
File: umsa.fd 2013/01/14 v3.01 AMS symbols A
)
LaTeX Font Info:    Try loading font information for U+msb on input line 27.

(/usr/local/texlive/2013/texmf-dist/tex/latex/amsfonts/umsb.fd
File: umsb.fd 2013/01/14 v3.01 AMS symbols B
)
(./TIWE_patch_gamma_notes.toc)
\tf@toc=\write4
\openout4 = `TIWE_patch_gamma_notes.toc'.

 [1

{/usr/local/texlive/2013/texmf-var/fonts/map/pdftex/updmap/pdftex.map}]
LaTeX Font Info:    Try loading font information for OMS+cmr on input line 56.

(/usr/local/texlive/2013/texmf-dist/tex/latex/base/omscmr.fd
File: omscmr.fd 1999/05/25 v2.5h Standard LaTeX font definitions
)
LaTeX Font Info:    Font shape `OMS/cmr/m/n' in size <10.95> not available
(Font)              Font shape `OMS/cmsy/m/n' tried instead on input line 56.

Overfull \hbox (93.34161pt too wide) in paragraph at lines 62--63
[][]\OT1/cmtt/m/n/10.95 FindPatches_tiwe_Raw.m \OT1/cmr/m/n/10.95 Iden-ti-fies 
patches in each pro-files made by []\OT1/cmtt/m/n/10.95 Process_tiwe_rawprofile
s_AP.m\OT1/cmr/m/n/10.95 ,
 []


Overfull \hbox (47.2202pt too wide) in paragraph at lines 68--69
\OT1/cmr/m/n/10.95 just the patches iden-ti-fied in []\OT1/cmtt/m/n/10.95 FindP
atches_tiwe_Raw.m \OT1/cmr/m/n/10.95 . This calls []\OT1/cmtt/m/n/10.95 average
_data_PATCH_AP.m
 []

[2]
Overfull \hbox (13.67155pt too wide) in paragraph at lines 82--84
\OT1/cmr/m/n/10.95 salin-ity was noisy/spiky, see later sec-tion). The func-tio
n []\OT1/cmtt/m/n/10.95 compute_overturns_discrete_AP.m
 []

[3]
Overfull \hbox (3.83838pt too wide) in paragraph at lines 110--111
[]$\OML/cmm/m/it/10.95 N[]$ \OT1/cmr/m/n/10.95 : Com-pute $\OML/cmm/m/it/10.95 
N[]$ \OT1/cmr/m/n/10.95 from the sorted pro-file (sorted by po-ten-tial den-sit
y) us-ing []\OT1/cmtt/m/n/10.95 sw_bfreq\OT1/cmr/m/n/10.95 ,
 []

./TIWE_patch_gamma_notes.tex:137: Extra }, or forgotten \endgroup.
l.137 ...vg data is $0.056$ (Figure \ref{avggam})}
                                                  .
? s
OK, entering \scrollmode...

</Users/Andy/Cruises_Research/Analysis/Andy_Pickering/tiwe_patch_gamma/figures/
tiwe_avgCombine_N2_dtdz_chi_eps.png, id=97, 505.89pt x 614.295pt>
File: /Users/Andy/Cruises_Research/Analysis/Andy_Pickering/tiwe_patch_gamma/fig
ures/tiwe_avgCombine_N2_dtdz_chi_eps.png Graphic file (type png)

<use /Users/Andy/Cruises_Research/Analysis/Andy_Pickering/tiwe_patch_gamma/figu
res/tiwe_avgCombine_N2_dtdz_chi_eps.png>
Package pdftex.def Info: /Users/Andy/Cruises_Research/Analysis/Andy_Pickering/t
iwe_patch_gamma/figures/tiwe_avgCombine_N2_dtdz_chi_eps.png used on input line 
171.
(pdftex.def)             Requested size: 404.71254pt x 491.43666pt.

</Users/Andy/Cruises_Research/Analysis/Andy_Pickering/tiwe_patch_gamma/figures/
tiwe_minOT_40_usetemp_1_patch_locs.png, id=98, 505.89pt x 460.6008pt>
File: /Users/Andy/Cruises_Research/Analysis/Andy_Pickering/tiwe_patch_gamma/fig
ures/tiwe_minOT_40_usetemp_1_patch_locs.png Graphic file (type png)

<use /Users/Andy/Cruises_Research/Analysis/Andy_Pickering/tiwe_patch_gamma/figu
res/tiwe_minOT_40_usetemp_1_patch_locs.png>
Package pdftex.def Info: /Users/Andy/Cruises_Research/Analysis/Andy_Pickering/t
iwe_patch_gamma/figures/tiwe_minOT_40_usetemp_1_patch_locs.png used on input li
ne 179.
(pdftex.def)             Requested size: 404.71254pt x 368.48114pt.

</Users/Andy/Cruises_Research/Analysis/Andy_Pickering/tiwe_patch_gamma/figures/
tiwe_avgCombine_gamma_yday_324_327.png, id=99, 562.2606pt x 421.575pt>
File: /Users/Andy/Cruises_Research/Analysis/Andy_Pickering/tiwe_patch_gamma/fig
ures/tiwe_avgCombine_gamma_yday_324_327.png Graphic file (type png)

<use /Users/Andy/Cruises_Research/Analysis/Andy_Pickering/tiwe_patch_gamma/figu
res/tiwe_avgCombine_gamma_yday_324_327.png>
Package pdftex.def Info: /Users/Andy/Cruises_Research/Analysis/Andy_Pickering/t
iwe_patch_gamma/figures/tiwe_avgCombine_gamma_yday_324_327.png used on input li
ne 188.
(pdftex.def)             Requested size: 449.8091pt x 337.26045pt.

Overfull \hbox (19.80447pt too wide) in paragraph at lines 188--189
[][] 
 []


</Users/Andy/Cruises_Research/Analysis/Andy_Pickering/tiwe_patch_gamma/figures/
tiwe_minOT_40_usetemp_1_gammas_hist2X2_yday_324_327.png, id=100, 505.89pt x 614
.295pt>
File: /Users/Andy/Cruises_Research/Analysis/Andy_Pickering/tiwe_patch_gamma/fig
ures/tiwe_minOT_40_usetemp_1_gammas_hist2X2_yday_324_327.png Graphic file (type
 png)

<use /Users/Andy/Cruises_Research/Analysis/Andy_Pickering/tiwe_patch_gamma/figu
res/tiwe_minOT_40_usetemp_1_gammas_hist2X2_yday_324_327.png>
Package pdftex.def Info: /Users/Andy/Cruises_Research/Analysis/Andy_Pickering/t
iwe_patch_gamma/figures/tiwe_minOT_40_usetemp_1_gammas_hist2X2_yday_324_327.png
 used on input line 196.
(pdftex.def)             Requested size: 404.71254pt x 491.43666pt.
 [4] [5 </Users/Andy/Cruises_Research/Analysis/Andy_Pickering/tiwe_patch_gamma/
figures/tiwe_avgCombine_N2_dtdz_chi_eps.png (PNG copy)>] [6 </Users/Andy/Cruise
s_Research/Analysis/Andy_Pickering/tiwe_patch_gamma/figures/tiwe_minOT_40_usete
mp_1_patch_locs.png (PNG copy)>] [7 </Users/Andy/Cruises_Research/Analysis/Andy
_Pickering/tiwe_patch_gamma/figures/tiwe_avgCombine_gamma_yday_324_327.png (PNG
 copy)>] [8 </Users/Andy/Cruises_Research/Analysis/Andy_Pickering/tiwe_patch_ga
mma/figures/tiwe_minOT_40_usetemp_1_gammas_hist2X2_yday_324_327.png (PNG copy)>
]
</Users/Andy/Cruises_Research/Analysis/Andy_Pickering/tiwe_patch_gamma/figures/
tiwe_T_S_scatter.png, id=137, 505.89pt x 491.436pt>
File: /Users/Andy/Cruises_Research/Analysis/Andy_Pickering/tiwe_patch_gamma/fig
ures/tiwe_T_S_scatter.png Graphic file (type png)

<use /Users/Andy/Cruises_Research/Analysis/Andy_Pickering/tiwe_patch_gamma/figu
res/tiwe_T_S_scatter.png>
Package pdftex.def Info: /Users/Andy/Cruises_Research/Analysis/Andy_Pickering/t
iwe_patch_gamma/figures/tiwe_T_S_scatter.png used on input line 211.
(pdftex.def)             Requested size: 404.71254pt x 393.14934pt.
 [9

] [10 </Users/Andy/Cruises_Research/Analysis/Andy_Pickering/tiwe_patch_gamma/fi
gures/tiwe_T_S_scatter.png (PNG copy)>]

Package hyperref Warning: Token not allowed in a PDF string (PDFDocEncoding):
(hyperref)                removing `math shift' on input line 255.


Package hyperref Warning: Token not allowed in a PDF string (PDFDocEncoding):
(hyperref)                removing `\gamma' on input line 255.


Package hyperref Warning: Token not allowed in a PDF string (PDFDocEncoding):
(hyperref)                removing `math shift' on input line 255.


</Users/Andy/Cruises_Research/Analysis/Andy_Pickering/tiwe_patch_gamma/figures/
tiwe_minOT_40_usetemp_1_gammas_vs_depth2X2_324_327.png, id=147, 505.89pt x 614.
295pt>
File: /Users/Andy/Cruises_Research/Analysis/Andy_Pickering/tiwe_patch_gamma/fig
ures/tiwe_minOT_40_usetemp_1_gammas_vs_depth2X2_324_327.png Graphic file (type 
png)

<use /Users/Andy/Cruises_Research/Analysis/Andy_Pickering/tiwe_patch_gamma/figu
res/tiwe_minOT_40_usetemp_1_gammas_vs_depth2X2_324_327.png>
Package pdftex.def Info: /Users/Andy/Cruises_Research/Analysis/Andy_Pickering/t
iwe_patch_gamma/figures/tiwe_minOT_40_usetemp_1_gammas_vs_depth2X2_324_327.png 
used on input line 259.
(pdftex.def)             Requested size: 404.71254pt x 491.43666pt.
 [11

] [12 </Users/Andy/Cruises_Research/Analysis/Andy_Pickering/tiwe_patch_gamma/fi
gures/tiwe_minOT_40_usetemp_1_gammas_vs_depth2X2_324_327.png (PNG copy)>]

Package hyperref Warning: Token not allowed in a PDF string (PDFDocEncoding):
(hyperref)                removing `math shift' on input line 267.


Package hyperref Warning: Token not allowed in a PDF string (PDFDocEncoding):
(hyperref)                removing `\gamma' on input line 267.


Package hyperref Warning: Token not allowed in a PDF string (PDFDocEncoding):
(hyperref)                removing `math shift' on input line 267.


Package hyperref Warning: Token not allowed in a PDF string (PDFDocEncoding):
(hyperref)                removing `math shift' on input line 267.


Package hyperref Warning: Token not allowed in a PDF string (PDFDocEncoding):
(hyperref)                removing `\epsilon' on input line 267.


Package hyperref Warning: Token not allowed in a PDF string (PDFDocEncoding):
(hyperref)                removing `math shift' on input line 267.


</Users/Andy/Cruises_Research/Analysis/Andy_Pickering/tiwe_patch_gamma/figures/
tiwe_minOT_40_usetemp_1_gammas_vs_eps2X2_324_327.png, id=159, 505.89pt x 614.29
5pt>
File: /Users/Andy/Cruises_Research/Analysis/Andy_Pickering/tiwe_patch_gamma/fig
ures/tiwe_minOT_40_usetemp_1_gammas_vs_eps2X2_324_327.png Graphic file (type pn
g)

<use /Users/Andy/Cruises_Research/Analysis/Andy_Pickering/tiwe_patch_gamma/figu
res/tiwe_minOT_40_usetemp_1_gammas_vs_eps2X2_324_327.png>
Package pdftex.def Info: /Users/Andy/Cruises_Research/Analysis/Andy_Pickering/t
iwe_patch_gamma/figures/tiwe_minOT_40_usetemp_1_gammas_vs_eps2X2_324_327.png us
ed on input line 271.
(pdftex.def)             Requested size: 404.71254pt x 491.43666pt.
 [13

] [14 </Users/Andy/Cruises_Research/Analysis/Andy_Pickering/tiwe_patch_gamma/fi
gures/tiwe_minOT_40_usetemp_1_gammas_vs_eps2X2_324_327.png (PNG copy)>]
</Users/Andy/Cruises_Research/Analysis/Andy_Pickering/tiwe_patch_gamma/figures/
tiwe_minOT_40_usetemp_1_n2_tz_chi_eps_apvsbill_hist_yday_324_327.png, id=171, 5
05.89pt x 614.295pt>
File: /Users/Andy/Cruises_Research/Analysis/Andy_Pickering/tiwe_patch_gamma/fig
ures/tiwe_minOT_40_usetemp_1_n2_tz_chi_eps_apvsbill_hist_yday_324_327.png Graph
ic file (type png)

<use /Users/Andy/Cruises_Research/Analysis/Andy_Pickering/tiwe_patch_gamma/figu
res/tiwe_minOT_40_usetemp_1_n2_tz_chi_eps_apvsbill_hist_yday_324_327.png>
Package pdftex.def Info: /Users/Andy/Cruises_Research/Analysis/Andy_Pickering/t
iwe_patch_gamma/figures/tiwe_minOT_40_usetemp_1_n2_tz_chi_eps_apvsbill_hist_yda
y_324_327.png used on input line 287.
(pdftex.def)             Requested size: 404.71254pt x 491.43666pt.

</Users/Andy/Cruises_Research/Analysis/Andy_Pickering/tiwe_patch_gamma/figures/
tiwe_minOT_40_usetemp_1_gam_apvsbill_hist_yday_324_327.png, id=172, 562.2606pt 
x 421.575pt>
File: /Users/Andy/Cruises_Research/Analysis/Andy_Pickering/tiwe_patch_gamma/fig
ures/tiwe_minOT_40_usetemp_1_gam_apvsbill_hist_yday_324_327.png Graphic file (t
ype png)

<use /Users/Andy/Cruises_Research/Analysis/Andy_Pickering/tiwe_patch_gamma/figu
res/tiwe_minOT_40_usetemp_1_gam_apvsbill_hist_yday_324_327.png>
Package pdftex.def Info: /Users/Andy/Cruises_Research/Analysis/Andy_Pickering/t
iwe_patch_gamma/figures/tiwe_minOT_40_usetemp_1_gam_apvsbill_hist_yday_324_327.
png used on input line 294.
(pdftex.def)             Requested size: 449.8091pt x 337.26045pt.

Overfull \hbox (19.80447pt too wide) in paragraph at lines 294--295
[][] 
 []

Package atveryend Info: Empty hook `BeforeClearDocument' on input line 362.
[15

] [16 </Users/Andy/Cruises_Research/Analysis/Andy_Pickering/tiwe_patch_gamma/fi
gures/tiwe_minOT_40_usetemp_1_n2_tz_chi_eps_apvsbill_hist_yday_324_327.png (PNG
 copy)>] [17 </Users/Andy/Cruises_Research/Analysis/Andy_Pickering/tiwe_patch_g
amma/figures/tiwe_minOT_40_usetemp_1_gam_apvsbill_hist_yday_324_327.png (PNG co
py)>]
Package atveryend Info: Empty hook `AfterLastShipout' on input line 362.
 (./TIWE_patch_gamma_notes.aux)
Package atveryend Info: Executing hook `AtVeryEndDocument' on input line 362.
Package atveryend Info: Executing hook `AtEndAfterFileList' on input line 362.
Package rerunfilecheck Info: File `TIWE_patch_gamma_notes.out' has not changed.

(rerunfilecheck)             Checksum: 0BB711F19397D417DDD70D97F455D4A9;654.


LaTeX Warning: Label(s) may have changed. Rerun to get cross-references right.

Package atveryend Info: Empty hook `AtVeryVeryEnd' on input line 362.
 ) 
Here is how much of TeX's memory you used:
 6533 strings out of 493315
 99359 string characters out of 6137904
 192349 words of memory out of 5000000
 9842 multiletter control sequences out of 15000+600000
 11520 words of font info for 44 fonts, out of 8000000 for 9000
 957 hyphenation exceptions out of 8191
 42i,8n,31p,659b,405s stack positions out of 5000i,500n,10000p,200000b,80000s
</usr/local/texlive/2013/texmf-dist/fonts/type1/public/amsfonts/cm/cmbx10.pfb
></usr/local/texlive/2013/texmf-dist/fonts/type1/public/amsfonts/cm/cmbx12.pfb>
</usr/local/texlive/2013/texmf-dist/fonts/type1/public/amsfonts/cm/cmmi10.pfb><
/usr/local/texlive/2013/texmf-dist/fonts/type1/public/amsfonts/cm/cmmi12.pfb></
usr/local/texlive/2013/texmf-dist/fonts/type1/public/amsfonts/cm/cmmi6.pfb></us
r/local/texlive/2013/texmf-dist/fonts/type1/public/amsfonts/cm/cmmi8.pfb></usr/
local/texlive/2013/texmf-dist/fonts/type1/public/amsfonts/cm/cmr10.pfb></usr/lo
cal/texlive/2013/texmf-dist/fonts/type1/public/amsfonts/cm/cmr12.pfb></usr/loca
l/texlive/2013/texmf-dist/fonts/type1/public/amsfonts/cm/cmr17.pfb></usr/local/
texlive/2013/texmf-dist/fonts/type1/public/amsfonts/cm/cmr6.pfb></usr/local/tex
live/2013/texmf-dist/fonts/type1/public/amsfonts/cm/cmr8.pfb></usr/local/texliv
e/2013/texmf-dist/fonts/type1/public/amsfonts/cm/cmsy10.pfb></usr/local/texlive
/2013/texmf-dist/fonts/type1/public/amsfonts/cm/cmsy8.pfb></usr/local/texlive/2
013/texmf-dist/fonts/type1/public/amsfonts/cm/cmtt10.pfb>
Output written on TIWE_patch_gamma_notes.pdf (17 pages, 3085024 bytes).
PDF statistics:
 247 PDF objects out of 1000 (max. 8388607)
 202 compressed objects within 3 object streams
 52 named destinations out of 1000 (max. 500000)
 142 words of extra memory for PDF output out of 10000 (max. 10000000)

